Using pre-set license
Built from '2020.3/staging' branch; Version is '2020.3.19f1 (68f137dc9bbe) revision 6877495'; Using compiler version '192528614'; Build Type 'Release'
OS: 'Windows 10 Home Single Language; OS build 19043.1348; Version 2009; 64bit' Language: 'en' Physical Memory: 8078 MB
BatchMode: 1, IsHumanControllingUs: 0, StartBugReporterOnCrash: 0, Is64bit: 1, IsPro: 0

COMMAND LINE ARGUMENTS:
C:\Program Files\Unity\Editor\Unity.exe
-adb2
-batchMode
-noUpm
-name
AssetImportWorker3
-projectPath
C:/Users/Cedric/Unity Projects/Tester
-logFile
Logs/AssetImportWorker3.log
-srvPort
52067
Successfully changed project path to: C:/Users/Cedric/Unity Projects/Tester
C:/Users/Cedric/Unity Projects/Tester
Using Asset Import Pipeline V2.
Unable to join player connection multicast group.
Unable to join player connection alternative multicast group.
Refreshing native plugins compatible for Editor in 31.47 ms, found 2 plugins.
Preloading 0 native plugins for Editor in 0.00 ms.
Initialize engine version: 2020.3.19f1 (68f137dc9bbe)
[Subsystems] Discovering subsystems at path C:/Program Files/Unity/Editor/Data/Resources/UnitySubsystems
[Subsystems] Discovering subsystems at path C:/Users/Cedric/Unity Projects/Tester/Assets
GfxDevice: creating device client; threaded=0
Direct3D:
    Version:  Direct3D 11.0 [level 11.0]
    Renderer: NVIDIA GeForce 940MX (ID=0x134d)
    Vendor:   
    VRAM:     2010 MB
    Driver:   26.21.14.4219
Initialize mono
Mono path[0] = 'C:/Program Files/Unity/Editor/Data/Managed'
Mono path[1] = 'C:/Program Files/Unity/Editor/Data/MonoBleedingEdge/lib/mono/unityjit'
Mono config path = 'C:/Program Files/Unity/Editor/Data/MonoBleedingEdge/etc'
Using monoOptions --debugger-agent=transport=dt_socket,embedding=1,server=y,suspend=n,address=127.0.0.1:56464
Begin MonoManager ReloadAssembly
Registering precompiled unity dll's ...
Register platform support module: C:/Program Files/Unity/Editor/Data/PlaybackEngines/WindowsStandaloneSupport/UnityEditor.WindowsStandalone.Extensions.dll
Registered in 0.002168 seconds.
Native extension for WindowsStandalone target not found
Refreshing native plugins compatible for Editor in 52.36 ms, found 2 plugins.
Preloading 0 native plugins for Editor in 0.00 ms.
Mono: successfully reloaded assembly
- Completed reload, in  1.305 seconds
Domain Reload Profiling:
	ReloadAssembly (1306ms)
		BeginReloadAssembly (60ms)
			ExecutionOrderSort (0ms)
			DisableScriptedObjects (0ms)
			BackupInstance (0ms)
			ReleaseScriptingObjects (0ms)
			CreateAndSetChildDomain (1ms)
		EndReloadAssembly (570ms)
			LoadAssemblies (58ms)
			RebuildTransferFunctionScriptingTraits (0ms)
			SetupTypeCache (171ms)
			ReleaseScriptCaches (0ms)
			RebuildScriptCaches (60ms)
			SetupLoadedEditorAssemblies (234ms)
				LogAssemblyErrors (0ms)
				InitializePlatformSupportModulesInManaged (6ms)
				SetLoadedEditorAssemblies (0ms)
				RefreshPlugins (52ms)
				BeforeProcessingInitializeOnLoad (20ms)
				ProcessInitializeOnLoadAttributes (101ms)
				ProcessInitializeOnLoadMethodAttributes (53ms)
				AfterProcessingInitializeOnLoad (0ms)
				EditorAssembliesLoaded (0ms)
			ExecutionOrderSort2 (0ms)
			AwakeInstancesAfterBackupRestoration (0ms)
Platform modules already initialized, skipping
Registering precompiled user dll's ...
Registered in 0.005903 seconds.
Begin MonoManager ReloadAssembly
Native extension for WindowsStandalone target not found
Refreshing native plugins compatible for Editor in 0.34 ms, found 2 plugins.
Preloading 0 native plugins for Editor in 0.00 ms.
Mono: successfully reloaded assembly
- Completed reload, in  2.481 seconds
Domain Reload Profiling:
	ReloadAssembly (2482ms)
		BeginReloadAssembly (168ms)
			ExecutionOrderSort (0ms)
			DisableScriptedObjects (5ms)
			BackupInstance (0ms)
			ReleaseScriptingObjects (0ms)
			CreateAndSetChildDomain (21ms)
		EndReloadAssembly (2242ms)
			LoadAssemblies (868ms)
			RebuildTransferFunctionScriptingTraits (0ms)
			SetupTypeCache (447ms)
			ReleaseScriptCaches (0ms)
			RebuildScriptCaches (49ms)
			SetupLoadedEditorAssemblies (762ms)
				LogAssemblyErrors (0ms)
				InitializePlatformSupportModulesInManaged (8ms)
				SetLoadedEditorAssemblies (1ms)
				RefreshPlugins (0ms)
				BeforeProcessingInitializeOnLoad (223ms)
				ProcessInitializeOnLoadAttributes (515ms)
				ProcessInitializeOnLoadMethodAttributes (7ms)
				AfterProcessingInitializeOnLoad (8ms)
				EditorAssembliesLoaded (0ms)
			ExecutionOrderSort2 (0ms)
			AwakeInstancesAfterBackupRestoration (10ms)
Platform modules already initialized, skipping
========================================================================
Worker process is ready to serve import requests
Launched and connected shader compiler UnityShaderCompiler.exe after 0.20 seconds
Refreshing native plugins compatible for Editor in 0.31 ms, found 2 plugins.
Preloading 0 native plugins for Editor in 0.00 ms.
Unloading 1400 Unused Serialized files (Serialized files now loaded: 0)
System memory in use before: 65.1 MB.
System memory in use after: 65.2 MB.

Unloading 16 unused Assets to reduce memory usage. Loaded Objects now: 1835.
Total: 3.274700 ms (FindLiveObjects: 0.162400 ms CreateObjectMapping: 0.041300 ms MarkObjects: 2.994800 ms  DeleteObjects: 0.075000 ms)

AssetImportParameters requested are different than current active one (requested -> active):
  custom:framework-win-MediaFoundation: 216162199b28c13a410421893ffa2e32 -> 
  custom:video-decoder-ogg-theora: a1e56fd34408186e4bbccfd4996cb3dc -> 
  custom:container-muxer-webm: aa71ff27fc2769a1b78a27578f13a17b -> 
  custom:container-demuxer-webm: 4f35f7cbe854078d1ac9338744f61a02 -> 
  custom:container-demuxer-ogg: 62fdf1f143b41e24485cea50d1cbac27 -> 
  custom:video-encoder-webm-vp8: eb34c28f22e8b96e1ab97ce403110664 -> 
  custom:video-decoder-webm-vp8: 9c59270c3fd7afecdb556c50c9e8de78 -> 
  custom:audio-decoder-ogg-vorbis: bf7c407c2cedff20999df2af8eb42d56 -> 
  custom:audio-encoder-webm-vorbis: bf7c407c2cedff20999df2af8eb42d56 -> 
========================================================================
Received Import Request.
  path: Packages/com.unity.ugui/package.json
  artifactKey: Guid(319b8889f363f5947acf209c17a94149) Importer(815301076,1909f56bfc062723c751e8b465ee728b)
Start importing Packages/com.unity.ugui/package.json using Guid(319b8889f363f5947acf209c17a94149) Importer(815301076,1909f56bfc062723c751e8b465ee728b)  -> (artifact id: '39d1f12f0f4420a8b9dea50868bbb5d0') in 1.234346 seconds 
  Import took 1.416921 seconds .

========================================================================
Received Import Request.
  Time since last request: 447.496070 seconds.
  path: Assets/Flat Textures Pack/Materials/Cave_Bush.mat
  artifactKey: Guid(e9626647ac5db254d9e870edcdfd343b) Importer(815301076,1909f56bfc062723c751e8b465ee728b)
Start importing Assets/Flat Textures Pack/Materials/Cave_Bush.mat using Guid(e9626647ac5db254d9e870edcdfd343b) Importer(815301076,1909f56bfc062723c751e8b465ee728b)  -> (artifact id: '80b91e2904f73bb2e23b2442b373ffb4') in 2.073713 seconds 
  Import took 2.088218 seconds .

========================================================================
Received Import Request.
  Time since last request: 0.000347 seconds.
  path: Assets/Flat Textures Pack/Materials/Desert_Sand_A.mat
  artifactKey: Guid(f112b988042d5844d86a06f124d4ea41) Importer(815301076,1909f56bfc062723c751e8b465ee728b)
Start importing Assets/Flat Textures Pack/Materials/Desert_Sand_A.mat using Guid(f112b988042d5844d86a06f124d4ea41) Importer(815301076,1909f56bfc062723c751e8b465ee728b)  -> (artifact id: '31ecf9031b65b7aa9686fedd9b8b1aaa') in 0.038788 seconds 
  Import took 0.041462 seconds .

========================================================================
Received Import Request.
  Time since last request: 0.000297 seconds.
  path: Assets/Flat Textures Pack/Materials/Winter_Spores.mat
  artifactKey: Guid(b212d6d3e65f24a41a49b9361880e85f) Importer(815301076,1909f56bfc062723c751e8b465ee728b)
Start importing Assets/Flat Textures Pack/Materials/Winter_Spores.mat using Guid(b212d6d3e65f24a41a49b9361880e85f) Importer(815301076,1909f56bfc062723c751e8b465ee728b)  -> (artifact id: 'aeabb7aecb64ed98ca5160a4b005d126') in 0.120923 seconds 
  Import took 0.178360 seconds .

========================================================================
Received Import Request.
  Time since last request: 0.000465 seconds.
  path: Assets/Flat Textures Pack/Materials/Summer_Grass_A.mat
  artifactKey: Guid(fe40329174e9720479ab77410cc459ab) Importer(815301076,1909f56bfc062723c751e8b465ee728b)
Start importing Assets/Flat Textures Pack/Materials/Summer_Grass_A.mat using Guid(fe40329174e9720479ab77410cc459ab) Importer(815301076,1909f56bfc062723c751e8b465ee728b)  -> (artifact id: '1cdad2b31e02aea132ae6bd7db051c61') in 0.051221 seconds 
  Import took 0.054230 seconds .

========================================================================
Received Import Request.
  Time since last request: 0.000358 seconds.
  path: Assets/Flat Textures Pack/Materials/Water_A.mat
  artifactKey: Guid(09b830498de6c894ead635fafa7d6b81) Importer(815301076,1909f56bfc062723c751e8b465ee728b)
Start importing Assets/Flat Textures Pack/Materials/Water_A.mat using Guid(09b830498de6c894ead635fafa7d6b81) Importer(815301076,1909f56bfc062723c751e8b465ee728b)  -> (artifact id: '4561905bfd66ec022276e5c360c7202a') in 0.055045 seconds 
  Import took 0.057301 seconds .

========================================================================
Received Import Request.
  Time since last request: 0.000394 seconds.
  path: Assets/Flat Textures Pack/Materials/Winter_Cracked_Ice_C.mat
  artifactKey: Guid(78377f0d38e131048b6ba2db0b0d5690) Importer(815301076,1909f56bfc062723c751e8b465ee728b)
Start importing Assets/Flat Textures Pack/Materials/Winter_Cracked_Ice_C.mat using Guid(78377f0d38e131048b6ba2db0b0d5690) Importer(815301076,1909f56bfc062723c751e8b465ee728b)  -> (artifact id: '5f8f217769ef965f2c8fb9b6bf558a6f') in 0.050037 seconds 
  Import took 0.072231 seconds .

========================================================================
Received Import Request.
  Time since last request: 0.000275 seconds.
  path: Assets/Flat Textures Pack/Materials/Winter_Roots.mat
  artifactKey: Guid(5c02dae6770af354d97ceaacb0dcfaa3) Importer(815301076,1909f56bfc062723c751e8b465ee728b)
Start importing Assets/Flat Textures Pack/Materials/Winter_Roots.mat using Guid(5c02dae6770af354d97ceaacb0dcfaa3) Importer(815301076,1909f56bfc062723c751e8b465ee728b)  -> (artifact id: '32d3f47ecdc1e7268157aa605a9dc175') in 0.047726 seconds 
  Import took 0.051317 seconds .

========================================================================
Received Import Request.
  Time since last request: 0.000422 seconds.
  path: Assets/Flat Textures Pack/Materials/Summer_CrackedRock.mat
  artifactKey: Guid(ed77080e081fcf6498c2325430f2191f) Importer(815301076,1909f56bfc062723c751e8b465ee728b)
Start importing Assets/Flat Textures Pack/Materials/Summer_CrackedRock.mat using Guid(ed77080e081fcf6498c2325430f2191f) Importer(815301076,1909f56bfc062723c751e8b465ee728b)  -> (artifact id: '81c3467969b5d0c41fb2ed2ed0be8388') in 0.040917 seconds 
  Import took 0.044317 seconds .

========================================================================
Received Import Request.
  Time since last request: 0.000418 seconds.
  path: Assets/Flat Textures Pack/Materials/Water_B.mat
  artifactKey: Guid(077530e0b0a9273408ae4d17c1a1af03) Importer(815301076,1909f56bfc062723c751e8b465ee728b)
Start importing Assets/Flat Textures Pack/Materials/Water_B.mat using Guid(077530e0b0a9273408ae4d17c1a1af03) Importer(815301076,1909f56bfc062723c751e8b465ee728b)  -> (artifact id: 'e3c3e787e67f83393d8c67e5a0698a09') in 0.038830 seconds 
  Import took 0.069527 seconds .

========================================================================
Received Import Request.
  Time since last request: 0.000489 seconds.
  path: Assets/Flat Textures Pack/Materials/Cave_Magma_B.mat
  artifactKey: Guid(f70d582ac8795e94fbba81f1bda57848) Importer(815301076,1909f56bfc062723c751e8b465ee728b)
Start importing Assets/Flat Textures Pack/Materials/Cave_Magma_B.mat using Guid(f70d582ac8795e94fbba81f1bda57848) Importer(815301076,1909f56bfc062723c751e8b465ee728b)  -> (artifact id: 'ae276d26c8361b0c972aae1d9fcddc9d') in 0.093040 seconds 
  Import took 0.095978 seconds .

========================================================================
Received Import Request.
  Time since last request: 0.000326 seconds.
  path: Assets/Flat Textures Pack/Materials/Forest_RiverPebbles.mat
  artifactKey: Guid(33edbb19ee29c624ab5c9184c95c5f2b) Importer(815301076,1909f56bfc062723c751e8b465ee728b)
Start importing Assets/Flat Textures Pack/Materials/Forest_RiverPebbles.mat using Guid(33edbb19ee29c624ab5c9184c95c5f2b) Importer(815301076,1909f56bfc062723c751e8b465ee728b)  -> (artifact id: 'f443274a022f5756b614326349d80323') in 0.037156 seconds 
  Import took 0.039653 seconds .

========================================================================
Received Import Request.
  Time since last request: 0.000296 seconds.
  path: Assets/Flat Textures Pack/Materials/Cave_GoldenPebbles.mat
  artifactKey: Guid(a63a8692330ab5f4dbb2761bf7924361) Importer(815301076,1909f56bfc062723c751e8b465ee728b)
Start importing Assets/Flat Textures Pack/Materials/Cave_GoldenPebbles.mat using Guid(a63a8692330ab5f4dbb2761bf7924361) Importer(815301076,1909f56bfc062723c751e8b465ee728b)  -> (artifact id: '98adf7193d267f3df4aa45070fbcb329') in 0.064913 seconds 
  Import took 0.067959 seconds .

========================================================================
Received Import Request.
  Time since last request: 0.000755 seconds.
  path: Assets/Flat Textures Pack/Materials/Summer_Flowers.mat
  artifactKey: Guid(82b3a75aca7ed6f4abe443d8019d9ddb) Importer(815301076,1909f56bfc062723c751e8b465ee728b)
Start importing Assets/Flat Textures Pack/Materials/Summer_Flowers.mat using Guid(82b3a75aca7ed6f4abe443d8019d9ddb) Importer(815301076,1909f56bfc062723c751e8b465ee728b)  -> (artifact id: '3c77c195084a9c7922da9edd17c1ab5c') in 0.128146 seconds 
  Import took 0.132080 seconds .

========================================================================
Received Import Request.
  Time since last request: 0.000504 seconds.
  path: Assets/Flat Textures Pack/Materials/Winter_Flower.mat
  artifactKey: Guid(539f75970f8b10e43ace7f872679d0b2) Importer(815301076,1909f56bfc062723c751e8b465ee728b)
Start importing Assets/Flat Textures Pack/Materials/Winter_Flower.mat using Guid(539f75970f8b10e43ace7f872679d0b2) Importer(815301076,1909f56bfc062723c751e8b465ee728b)  -> (artifact id: '7c60ea72e1a94d305123103e7a737970') in 0.047079 seconds 
  Import took 0.066108 seconds .

========================================================================
Received Import Request.
  Time since last request: 0.000513 seconds.
  path: Assets/Flat Textures Pack/Materials/Winter_FrozenGround.mat
  artifactKey: Guid(5fb072cb6bfc5e343be27f17187cefae) Importer(815301076,1909f56bfc062723c751e8b465ee728b)
Start importing Assets/Flat Textures Pack/Materials/Winter_FrozenGround.mat using Guid(5fb072cb6bfc5e343be27f17187cefae) Importer(815301076,1909f56bfc062723c751e8b465ee728b)  -> (artifact id: '988a24dd54f47298dc09322213afa60e') in 0.267031 seconds 
  Import took 0.270159 seconds .

========================================================================
Received Import Request.
  Time since last request: 0.000406 seconds.
  path: Assets/Flat Textures Pack/Materials/Desert_Cliff.mat
  artifactKey: Guid(759f0740a4cb77047931846c47ae6924) Importer(815301076,1909f56bfc062723c751e8b465ee728b)
Start importing Assets/Flat Textures Pack/Materials/Desert_Cliff.mat using Guid(759f0740a4cb77047931846c47ae6924) Importer(815301076,1909f56bfc062723c751e8b465ee728b)  -> (artifact id: 'b33702c5e863d9ec1c912f11801c4001') in 0.135449 seconds 
  Import took 0.138976 seconds .

========================================================================
Received Import Request.
  Time since last request: 0.000433 seconds.
  path: Assets/Flat Textures Pack/Materials/Cave_Crystal_A.mat
  artifactKey: Guid(fb8cc1d727af6e14ab2449668683f343) Importer(815301076,1909f56bfc062723c751e8b465ee728b)
Start importing Assets/Flat Textures Pack/Materials/Cave_Crystal_A.mat using Guid(fb8cc1d727af6e14ab2449668683f343) Importer(815301076,1909f56bfc062723c751e8b465ee728b)  -> (artifact id: '5fcd79015a91f65f19ceeb8a4ceaf16f') in 0.139552 seconds 
  Import took 0.142498 seconds .

========================================================================
Received Import Request.
  Time since last request: 0.000392 seconds.
  path: Assets/Flat Textures Pack/Materials/Cave_Spores.mat
  artifactKey: Guid(364df4398afe01c4cbbe3bc100bcfcde) Importer(815301076,1909f56bfc062723c751e8b465ee728b)
Start importing Assets/Flat Textures Pack/Materials/Cave_Spores.mat using Guid(364df4398afe01c4cbbe3bc100bcfcde) Importer(815301076,1909f56bfc062723c751e8b465ee728b)  -> (artifact id: '927c72641b54a0c41d4fcc091b26cabd') in 0.122957 seconds 
  Import took 0.125946 seconds .

========================================================================
Received Import Request.
  Time since last request: 0.000398 seconds.
  path: Assets/Flat Textures Pack/Materials/Winter_Moss.mat
  artifactKey: Guid(d02623c81a030044cacb865f4ee28bd7) Importer(815301076,1909f56bfc062723c751e8b465ee728b)
Start importing Assets/Flat Textures Pack/Materials/Winter_Moss.mat using Guid(d02623c81a030044cacb865f4ee28bd7) Importer(815301076,1909f56bfc062723c751e8b465ee728b)  -> (artifact id: 'ddd0d3fa9f52ead65fcc03ef9887ce8e') in 0.075168 seconds 
  Import took 0.078697 seconds .

========================================================================
Received Import Request.
  Time since last request: 0.000368 seconds.
  path: Assets/Flat Textures Pack/Materials/Summer_Wall.mat
  artifactKey: Guid(0acfe541cc046384d9e49c053de97ffb) Importer(815301076,1909f56bfc062723c751e8b465ee728b)
Start importing Assets/Flat Textures Pack/Materials/Summer_Wall.mat using Guid(0acfe541cc046384d9e49c053de97ffb) Importer(815301076,1909f56bfc062723c751e8b465ee728b)  -> (artifact id: 'c676b6ace729d627f3c80e5ec0e88b0d') in 0.044266 seconds 
  Import took 0.129042 seconds .

========================================================================
Received Import Request.
  Time since last request: 0.000271 seconds.
  path: Assets/Flat Textures Pack/Materials/WInter_Snow_Rocks.mat
  artifactKey: Guid(a080f7b6b977d1d478336b9f12f52fdd) Importer(815301076,1909f56bfc062723c751e8b465ee728b)
Start importing Assets/Flat Textures Pack/Materials/WInter_Snow_Rocks.mat using Guid(a080f7b6b977d1d478336b9f12f52fdd) Importer(815301076,1909f56bfc062723c751e8b465ee728b)  -> (artifact id: '3cab05e202465d724ad8e4d97cc93005') in 0.085752 seconds 
  Import took 0.089835 seconds .

========================================================================
Received Import Request.
  Time since last request: 0.000371 seconds.
  path: Assets/Flat Textures Pack/Materials/Summer_Rocks.mat
  artifactKey: Guid(b448f0b66ddeb424097cf4c3aede85fd) Importer(815301076,1909f56bfc062723c751e8b465ee728b)
Start importing Assets/Flat Textures Pack/Materials/Summer_Rocks.mat using Guid(b448f0b66ddeb424097cf4c3aede85fd) Importer(815301076,1909f56bfc062723c751e8b465ee728b)  -> (artifact id: 'ba15a5e9b5c90eededb6b8481552ba8a') in 0.301970 seconds 
  Import took 0.305956 seconds .

========================================================================
Received Import Request.
  Time since last request: 0.000450 seconds.
  path: Assets/Flat Textures Pack/Materials/Cave_Magma.mat
  artifactKey: Guid(520938bf13624b04fb159c3db7351aca) Importer(815301076,1909f56bfc062723c751e8b465ee728b)
Start importing Assets/Flat Textures Pack/Materials/Cave_Magma.mat using Guid(520938bf13624b04fb159c3db7351aca) Importer(815301076,1909f56bfc062723c751e8b465ee728b)  -> (artifact id: '47fe390710c6e5683253b0fbc1f51b0b') in 0.193568 seconds 
  Import took 0.227407 seconds .

========================================================================
Received Import Request.
  Time since last request: 0.000333 seconds.
  path: Assets/Flat Textures Pack/Materials/Winter_Hardsnow.mat
  artifactKey: Guid(447272d5916c0734a876cfbe785794c3) Importer(815301076,1909f56bfc062723c751e8b465ee728b)
Start importing Assets/Flat Textures Pack/Materials/Winter_Hardsnow.mat using Guid(447272d5916c0734a876cfbe785794c3) Importer(815301076,1909f56bfc062723c751e8b465ee728b)  -> (artifact id: 'bde767c45cad3ddbb6368e399bc26ef9') in 0.063213 seconds 
  Import took 0.066879 seconds .

========================================================================
Received Import Request.
  Time since last request: 0.000288 seconds.
  path: Assets/Flat Textures Pack/Materials/Winter_Snow_B.mat
  artifactKey: Guid(00494841d457c5e40beb347b6483f7c9) Importer(815301076,1909f56bfc062723c751e8b465ee728b)
Start importing Assets/Flat Textures Pack/Materials/Winter_Snow_B.mat using Guid(00494841d457c5e40beb347b6483f7c9) Importer(815301076,1909f56bfc062723c751e8b465ee728b)  -> (artifact id: '5644cd368be5ceba3abe482aae7f1b19') in 0.253160 seconds 
  Import took 0.290229 seconds .

========================================================================
Received Import Request.
  Time since last request: 0.000391 seconds.
  path: Assets/Flat Textures Pack/Materials/Winter_Wall.mat
  artifactKey: Guid(225f4cc257a1e38498996437dc0c3f50) Importer(815301076,1909f56bfc062723c751e8b465ee728b)
Start importing Assets/Flat Textures Pack/Materials/Winter_Wall.mat using Guid(225f4cc257a1e38498996437dc0c3f50) Importer(815301076,1909f56bfc062723c751e8b465ee728b)  -> (artifact id: '9a409c7e76f1a086c388bba8dbf2736b') in 0.171214 seconds 
  Import took 0.175178 seconds .

========================================================================
Received Import Request.
  Time since last request: 0.000436 seconds.
  path: Assets/Flat Textures Pack/Materials/Winter_ce_Cracked_B.mat
  artifactKey: Guid(082b415688deccc41961d7655a19de0c) Importer(815301076,1909f56bfc062723c751e8b465ee728b)
Start importing Assets/Flat Textures Pack/Materials/Winter_ce_Cracked_B.mat using Guid(082b415688deccc41961d7655a19de0c) Importer(815301076,1909f56bfc062723c751e8b465ee728b)  -> (artifact id: '1075df8dd6bf3f71e45689726f63175a') in 0.168996 seconds 
  Import took 0.174588 seconds .

========================================================================
Received Import Request.
  Time since last request: 0.000450 seconds.
  path: Assets/Flat Textures Pack/Materials/Winter_ChunkyIce.mat
  artifactKey: Guid(5f0995ce430fd1745a585b6cfe9c2ca9) Importer(815301076,1909f56bfc062723c751e8b465ee728b)
Start importing Assets/Flat Textures Pack/Materials/Winter_ChunkyIce.mat using Guid(5f0995ce430fd1745a585b6cfe9c2ca9) Importer(815301076,1909f56bfc062723c751e8b465ee728b)  -> (artifact id: 'ef82bd5dc9987d7bbdb4fefde239f860') in 0.083838 seconds 
  Import took 0.088179 seconds .

========================================================================
Received Import Request.
  Time since last request: 0.000309 seconds.
  path: Assets/Flat Textures Pack/Materials/Cave_LavaRocks_A.mat
  artifactKey: Guid(f4dcba098a2788048a77363897d1a6b6) Importer(815301076,1909f56bfc062723c751e8b465ee728b)
Start importing Assets/Flat Textures Pack/Materials/Cave_LavaRocks_A.mat using Guid(f4dcba098a2788048a77363897d1a6b6) Importer(815301076,1909f56bfc062723c751e8b465ee728b)  -> (artifact id: 'eec8e47995bb70ab0ecc75909cd9d96e') in 0.028914 seconds 
  Import took 0.032359 seconds .

========================================================================
Received Import Request.
  Time since last request: 0.000262 seconds.
  path: Assets/Flat Textures Pack/Materials/Water_D.mat
  artifactKey: Guid(3584c50ec7d45f348a5aa57d24bb5737) Importer(815301076,1909f56bfc062723c751e8b465ee728b)
Start importing Assets/Flat Textures Pack/Materials/Water_D.mat using Guid(3584c50ec7d45f348a5aa57d24bb5737) Importer(815301076,1909f56bfc062723c751e8b465ee728b)  -> (artifact id: '4dd0655a3216f9c6bcedd8226b1a82ff') in 0.093438 seconds 
  Import took 0.096199 seconds .

========================================================================
Received Import Request.
  Time since last request: 0.000563 seconds.
  path: Assets/Flat Textures Pack/Materials/Winter_IceCave.mat
  artifactKey: Guid(9b56e06f8d3f8584597ec8a11bd1f200) Importer(815301076,1909f56bfc062723c751e8b465ee728b)
Start importing Assets/Flat Textures Pack/Materials/Winter_IceCave.mat using Guid(9b56e06f8d3f8584597ec8a11bd1f200) Importer(815301076,1909f56bfc062723c751e8b465ee728b)  -> (artifact id: '7dda166dd0ab6662fd3cd170294abb45') in 0.037191 seconds 
  Import took 0.040312 seconds .

========================================================================
Received Import Request.
  Time since last request: 0.001834 seconds.
  path: Assets/Flat Textures Pack/Materials/Desert_Sand_B.mat
  artifactKey: Guid(e00ca62ae67139f41b7cf3c04f00fb88) Importer(815301076,1909f56bfc062723c751e8b465ee728b)
Start importing Assets/Flat Textures Pack/Materials/Desert_Sand_B.mat using Guid(e00ca62ae67139f41b7cf3c04f00fb88) Importer(815301076,1909f56bfc062723c751e8b465ee728b)  -> (artifact id: 'eb40afa3591c8f9e2c4c7ade15e2d885') in 0.150012 seconds 
  Import took 0.153756 seconds .

========================================================================
Received Import Request.
  Time since last request: 0.000367 seconds.
  path: Assets/Flat Textures Pack/Materials/Summer_Roses.mat
  artifactKey: Guid(363270fb71ae7aa45ac7c91408bbe012) Importer(815301076,1909f56bfc062723c751e8b465ee728b)
Start importing Assets/Flat Textures Pack/Materials/Summer_Roses.mat using Guid(363270fb71ae7aa45ac7c91408bbe012) Importer(815301076,1909f56bfc062723c751e8b465ee728b)  -> (artifact id: '865480f831faa43c42f0e0bc5081e7d2') in 0.023249 seconds 
  Import took 0.049258 seconds .

========================================================================
Received Import Request.
  Time since last request: 0.000330 seconds.
  path: Assets/Flat Textures Pack/Materials/Desert_Bushes.mat
  artifactKey: Guid(a08dad81b78f42e489c9703efc2c1fb0) Importer(815301076,1909f56bfc062723c751e8b465ee728b)
Start importing Assets/Flat Textures Pack/Materials/Desert_Bushes.mat using Guid(a08dad81b78f42e489c9703efc2c1fb0) Importer(815301076,1909f56bfc062723c751e8b465ee728b)  -> (artifact id: '4d74d970e2ab8c26bb5c7ee29e7e7a1c') in 0.040665 seconds 
  Import took 0.046455 seconds .

========================================================================
Received Import Request.
  Time since last request: 0.000319 seconds.
  path: Assets/Flat Textures Pack/Materials/Desert_Tiles.mat
  artifactKey: Guid(0420eef65a9103241abca4e53c4d74bb) Importer(815301076,1909f56bfc062723c751e8b465ee728b)
Start importing Assets/Flat Textures Pack/Materials/Desert_Tiles.mat using Guid(0420eef65a9103241abca4e53c4d74bb) Importer(815301076,1909f56bfc062723c751e8b465ee728b)  -> (artifact id: 'fee78c44e6988fd5efeb0ba50068a305') in 0.020979 seconds 
  Import took 0.025310 seconds .

========================================================================
Received Import Request.
  Time since last request: 0.000372 seconds.
  path: Assets/Flat Textures Pack/Materials/Water_C.mat
  artifactKey: Guid(aca82f8a42433894199632974fbd0681) Importer(815301076,1909f56bfc062723c751e8b465ee728b)
Start importing Assets/Flat Textures Pack/Materials/Water_C.mat using Guid(aca82f8a42433894199632974fbd0681) Importer(815301076,1909f56bfc062723c751e8b465ee728b)  -> (artifact id: '45e2e8256012ff41017db16f107190c5') in 0.072093 seconds 
  Import took 0.075506 seconds .

========================================================================
Received Import Request.
  Time since last request: 0.000353 seconds.
  path: Assets/Flat Textures Pack/Materials/Winter_IceCliff.mat
  artifactKey: Guid(41b973d990ff1c748a4f9a7c29998342) Importer(815301076,1909f56bfc062723c751e8b465ee728b)
Start importing Assets/Flat Textures Pack/Materials/Winter_IceCliff.mat using Guid(41b973d990ff1c748a4f9a7c29998342) Importer(815301076,1909f56bfc062723c751e8b465ee728b)  -> (artifact id: '62e95ee732b6984a7a848fd61b3727e7') in 0.031463 seconds 
  Import took 0.035016 seconds .

========================================================================
Received Import Request.
  Time since last request: 0.000331 seconds.
  path: Assets/Flat Textures Pack/Materials/Cave_Poison.mat
  artifactKey: Guid(8c2a02727fd639347bf1e97df0a962b1) Importer(815301076,1909f56bfc062723c751e8b465ee728b)
Start importing Assets/Flat Textures Pack/Materials/Cave_Poison.mat using Guid(8c2a02727fd639347bf1e97df0a962b1) Importer(815301076,1909f56bfc062723c751e8b465ee728b)  -> (artifact id: '70ef3d20faa2ad7920cc6595629b9fd2') in 0.112874 seconds 
  Import took 0.116761 seconds .

========================================================================
Received Import Request.
  Time since last request: 0.000407 seconds.
  path: Assets/Flat Textures Pack/Materials/Summer_Roots.mat
  artifactKey: Guid(2a81fb5b4c7ffd34a86add061bd2f815) Importer(815301076,1909f56bfc062723c751e8b465ee728b)
Start importing Assets/Flat Textures Pack/Materials/Summer_Roots.mat using Guid(2a81fb5b4c7ffd34a86add061bd2f815) Importer(815301076,1909f56bfc062723c751e8b465ee728b)  -> (artifact id: '296207b16c7ac7b01d82d3945f7e2136') in 0.070774 seconds 
  Import took 0.073507 seconds .

========================================================================
Received Import Request.
  Time since last request: 0.000401 seconds.
  path: Assets/Flat Textures Pack/Materials/Summer_Mud_A.mat
  artifactKey: Guid(a272687875e64684daa5f944e711872d) Importer(815301076,1909f56bfc062723c751e8b465ee728b)
Start importing Assets/Flat Textures Pack/Materials/Summer_Mud_A.mat using Guid(a272687875e64684daa5f944e711872d) Importer(815301076,1909f56bfc062723c751e8b465ee728b)  -> (artifact id: 'e738c04687ff4d2e061369932b8ea832') in 0.032074 seconds 
  Import took 0.066488 seconds .

========================================================================
Received Import Request.
  Time since last request: 0.000392 seconds.
  path: Assets/Flat Textures Pack/Materials/Cave_FireGround.mat
  artifactKey: Guid(058595cb07ad23946a0a151be620489b) Importer(815301076,1909f56bfc062723c751e8b465ee728b)
Start importing Assets/Flat Textures Pack/Materials/Cave_FireGround.mat using Guid(058595cb07ad23946a0a151be620489b) Importer(815301076,1909f56bfc062723c751e8b465ee728b)  -> (artifact id: 'a877cd0fd5e60eda52c73affb6a774b1') in 0.048938 seconds 
  Import took 0.051710 seconds .

========================================================================
Received Import Request.
  Time since last request: 0.000696 seconds.
  path: Assets/Flat Textures Pack/Materials/Summer_ForestRoad.mat
  artifactKey: Guid(55d9b8c647ad2ba4899329faec1273da) Importer(815301076,1909f56bfc062723c751e8b465ee728b)
Start importing Assets/Flat Textures Pack/Materials/Summer_ForestRoad.mat using Guid(55d9b8c647ad2ba4899329faec1273da) Importer(815301076,1909f56bfc062723c751e8b465ee728b)  -> (artifact id: '57904a0c2950779674b74cfdf9dd6af8') in 0.070539 seconds 
  Import took 0.073692 seconds .

========================================================================
Received Import Request.
  Time since last request: 0.000367 seconds.
  path: Assets/Flat Textures Pack/Materials/Summer_Moss.mat
  artifactKey: Guid(ee8af93f6543af1418cb59d1c38e78be) Importer(815301076,1909f56bfc062723c751e8b465ee728b)
Start importing Assets/Flat Textures Pack/Materials/Summer_Moss.mat using Guid(ee8af93f6543af1418cb59d1c38e78be) Importer(815301076,1909f56bfc062723c751e8b465ee728b)  -> (artifact id: '476097d28b5b1aa9746ab3734f03d642') in 0.067096 seconds 
  Import took 0.069554 seconds .

========================================================================
Received Import Request.
  Time since last request: 0.000343 seconds.
  path: Assets/Flat Textures Pack/Materials/Desert_Sand.mat
  artifactKey: Guid(3b85b3f360cf9ec43bec0706d0a03147) Importer(815301076,1909f56bfc062723c751e8b465ee728b)
Start importing Assets/Flat Textures Pack/Materials/Desert_Sand.mat using Guid(3b85b3f360cf9ec43bec0706d0a03147) Importer(815301076,1909f56bfc062723c751e8b465ee728b)  -> (artifact id: '2847579dba836c9a07eee4f5874710fa') in 0.026880 seconds 
  Import took 0.029507 seconds .

========================================================================
Received Import Request.
  Time since last request: 0.000345 seconds.
  path: Assets/Flat Textures Pack/Materials/Summer_Dirt_A.mat
  artifactKey: Guid(865b305109e555749a4c8609b545998d) Importer(815301076,1909f56bfc062723c751e8b465ee728b)
Start importing Assets/Flat Textures Pack/Materials/Summer_Dirt_A.mat using Guid(865b305109e555749a4c8609b545998d) Importer(815301076,1909f56bfc062723c751e8b465ee728b)  -> (artifact id: '11d37dc6fd8507c4118e2a8ca7c3c864') in 0.021947 seconds 
  Import took 0.024671 seconds .

========================================================================
Received Import Request.
  Time since last request: 0.000732 seconds.
  path: Assets/Flat Textures Pack/Materials/Desert_CracedMud.mat
  artifactKey: Guid(9c499f1f265a28748a3f4ccecb05c8c8) Importer(815301076,1909f56bfc062723c751e8b465ee728b)
Start importing Assets/Flat Textures Pack/Materials/Desert_CracedMud.mat using Guid(9c499f1f265a28748a3f4ccecb05c8c8) Importer(815301076,1909f56bfc062723c751e8b465ee728b)  -> (artifact id: 'c15bea604d040f627e3cd5d5a50dbc9d') in 0.018668 seconds 
  Import took 0.030435 seconds .

========================================================================
Received Import Request.
  Time since last request: 0.000401 seconds.
  path: Assets/Flat Textures Pack/Materials/Summer_Mud_B.mat
  artifactKey: Guid(b4ce1486c4e3c83408feacc4d7497b0c) Importer(815301076,1909f56bfc062723c751e8b465ee728b)
Start importing Assets/Flat Textures Pack/Materials/Summer_Mud_B.mat using Guid(b4ce1486c4e3c83408feacc4d7497b0c) Importer(815301076,1909f56bfc062723c751e8b465ee728b)  -> (artifact id: 'a346d1adb2647e1813e451f674b35729') in 0.040421 seconds 
  Import took 0.042852 seconds .

========================================================================
Received Import Request.
  Time since last request: 0.000393 seconds.
  path: Assets/Flat Textures Pack/Materials/Winter_Bush.mat
  artifactKey: Guid(1f8f706c4245d5b49a36d8e449469de6) Importer(815301076,1909f56bfc062723c751e8b465ee728b)
Start importing Assets/Flat Textures Pack/Materials/Winter_Bush.mat using Guid(1f8f706c4245d5b49a36d8e449469de6) Importer(815301076,1909f56bfc062723c751e8b465ee728b)  -> (artifact id: '43c9f08bf7c78321ce575506f812f649') in 0.048370 seconds 
  Import took 0.100299 seconds .

========================================================================
Received Import Request.
  Time since last request: 0.000383 seconds.
  path: Assets/Flat Textures Pack/Materials/Winter_Ice_Cracked_A.mat
  artifactKey: Guid(261ce03210dba03488d4c264cc8d0528) Importer(815301076,1909f56bfc062723c751e8b465ee728b)
Start importing Assets/Flat Textures Pack/Materials/Winter_Ice_Cracked_A.mat using Guid(261ce03210dba03488d4c264cc8d0528) Importer(815301076,1909f56bfc062723c751e8b465ee728b)  -> (artifact id: 'ccfbb2d174ccaaeb81fafa2ff2ebcb90') in 0.033524 seconds 
  Import took 0.035992 seconds .

========================================================================
Received Import Request.
  Time since last request: 0.000389 seconds.
  path: Assets/Flat Textures Pack/Materials/Cave_Cracks.mat
  artifactKey: Guid(7f61e96487dd8084480def67ee56f766) Importer(815301076,1909f56bfc062723c751e8b465ee728b)
Start importing Assets/Flat Textures Pack/Materials/Cave_Cracks.mat using Guid(7f61e96487dd8084480def67ee56f766) Importer(815301076,1909f56bfc062723c751e8b465ee728b)  -> (artifact id: 'ebc017e16740f8511cf0b55eb22e557d') in 0.043637 seconds 
  Import took 0.046196 seconds .

========================================================================
Received Import Request.
  Time since last request: 20.448752 seconds.
  path: Assets/Flat Textures Pack/Materials
  artifactKey: Guid(dcb7bdab26c5ddf4da72b22640d05580) Importer(815301076,1909f56bfc062723c751e8b465ee728b)
Start importing Assets/Flat Textures Pack/Materials using Guid(dcb7bdab26c5ddf4da72b22640d05580) Importer(815301076,1909f56bfc062723c751e8b465ee728b)  -> (artifact id: '9aca7e38643ec5f753fc14906aa32afb') in 0.033013 seconds 
  Import took 0.035639 seconds .

========================================================================
Received Import Request.
  Time since last request: 6.414470 seconds.
  path: Assets/LowlyPoly/Free Stylized Textures/Materials
  artifactKey: Guid(be4a79b8d4889a84ba17d42e930993c7) Importer(815301076,1909f56bfc062723c751e8b465ee728b)
Start importing Assets/LowlyPoly/Free Stylized Textures/Materials using Guid(be4a79b8d4889a84ba17d42e930993c7) Importer(815301076,1909f56bfc062723c751e8b465ee728b)  -> (artifact id: '15ee9256bf25d0f067357189aace08d9') in 0.003106 seconds 
  Import took 0.006331 seconds .

========================================================================
Received Import Request.
  Time since last request: 0.111758 seconds.
  path: Assets/LowlyPoly/Free Stylized Textures/Materials/Vol_2_3_Wood.mat
  artifactKey: Guid(e2782bd09fb749e4f8c457cb9c8cc6cd) Importer(815301076,1909f56bfc062723c751e8b465ee728b)
Start importing Assets/LowlyPoly/Free Stylized Textures/Materials/Vol_2_3_Wood.mat using Guid(e2782bd09fb749e4f8c457cb9c8cc6cd) Importer(815301076,1909f56bfc062723c751e8b465ee728b)  -> (artifact id: '7e6164ab12c52c21501f79076ce92705') in 0.563990 seconds 
  Import took 0.567353 seconds .

========================================================================
Received Import Request.
  Time since last request: 0.000406 seconds.
  path: Assets/LowlyPoly/Free Stylized Textures/Materials/Vol_27_4_Lava.mat
  artifactKey: Guid(7ea77b3e49c1d61409582be7e98d0d61) Importer(815301076,1909f56bfc062723c751e8b465ee728b)
Start importing Assets/LowlyPoly/Free Stylized Textures/Materials/Vol_27_4_Lava.mat using Guid(7ea77b3e49c1d61409582be7e98d0d61) Importer(815301076,1909f56bfc062723c751e8b465ee728b)  -> (artifact id: 'feda2a49d5d03aa2c6a9f4d540cf8ee0') in 0.068429 seconds 
  Import took 0.071387 seconds .

========================================================================
Received Import Request.
  Time since last request: 0.000412 seconds.
  path: Assets/LowlyPoly/Free Stylized Textures/Materials/Vol_19_4_Dirt.mat
  artifactKey: Guid(d24bde530a6cd174cb70a68743168031) Importer(815301076,1909f56bfc062723c751e8b465ee728b)
Start importing Assets/LowlyPoly/Free Stylized Textures/Materials/Vol_19_4_Dirt.mat using Guid(d24bde530a6cd174cb70a68743168031) Importer(815301076,1909f56bfc062723c751e8b465ee728b)  -> (artifact id: 'f0c11e13417003c9a8a60273f5a977c5') in 0.039677 seconds 
  Import took 0.051786 seconds .

========================================================================
Received Import Request.
  Time since last request: 0.000302 seconds.
  path: Assets/LowlyPoly/Free Stylized Textures/Materials/Vol_35_3_Lava.mat
  artifactKey: Guid(b7bcd7c6b3acb3241b0d5af1a358b19b) Importer(815301076,1909f56bfc062723c751e8b465ee728b)
Start importing Assets/LowlyPoly/Free Stylized Textures/Materials/Vol_35_3_Lava.mat using Guid(b7bcd7c6b3acb3241b0d5af1a358b19b) Importer(815301076,1909f56bfc062723c751e8b465ee728b)  -> (artifact id: '32dcc67ef119f0c4272317f2642fa460') in 0.313413 seconds 
  Import took 0.317138 seconds .

========================================================================
Received Import Request.
  Time since last request: 0.000362 seconds.
  path: Assets/LowlyPoly/Free Stylized Textures/Materials/Vol_30_3_Roofs.mat
  artifactKey: Guid(78f6c3f1d47eef84f9ee5e607fad4c0c) Importer(815301076,1909f56bfc062723c751e8b465ee728b)
Start importing Assets/LowlyPoly/Free Stylized Textures/Materials/Vol_30_3_Roofs.mat using Guid(78f6c3f1d47eef84f9ee5e607fad4c0c) Importer(815301076,1909f56bfc062723c751e8b465ee728b)  -> (artifact id: '218f63f35654edd099f0379342043b1a') in 0.143958 seconds 
  Import took 0.196655 seconds .

========================================================================
Received Import Request.
  Time since last request: 0.000417 seconds.
  path: Assets/LowlyPoly/Free Stylized Textures/Materials/Vol_18_2_Metals.mat
  artifactKey: Guid(118675f9ee3b22c43a2f8841d6206b1b) Importer(815301076,1909f56bfc062723c751e8b465ee728b)
Start importing Assets/LowlyPoly/Free Stylized Textures/Materials/Vol_18_2_Metals.mat using Guid(118675f9ee3b22c43a2f8841d6206b1b) Importer(815301076,1909f56bfc062723c751e8b465ee728b)  -> (artifact id: '6896a9149316c36fc2987f72aee82de3') in 0.030780 seconds 
  Import took 0.033366 seconds .

========================================================================
Received Import Request.
  Time since last request: 0.000351 seconds.
  path: Assets/LowlyPoly/Free Stylized Textures/Materials/Vol_16_2_Sand.mat
  artifactKey: Guid(49f3385eb1c319941be8623439f1eb49) Importer(815301076,1909f56bfc062723c751e8b465ee728b)
Start importing Assets/LowlyPoly/Free Stylized Textures/Materials/Vol_16_2_Sand.mat using Guid(49f3385eb1c319941be8623439f1eb49) Importer(815301076,1909f56bfc062723c751e8b465ee728b)  -> (artifact id: 'f9baae15f442d51049b0aa78773eea30') in 0.111883 seconds 
  Import took 0.137125 seconds .

========================================================================
Received Import Request.
  Time since last request: 0.000401 seconds.
  path: Assets/LowlyPoly/Free Stylized Textures/Materials/Vol_34_2_Tiles.mat
  artifactKey: Guid(ebabfdf81fc72414f9921cfe2ed4b652) Importer(815301076,1909f56bfc062723c751e8b465ee728b)
Start importing Assets/LowlyPoly/Free Stylized Textures/Materials/Vol_34_2_Tiles.mat using Guid(ebabfdf81fc72414f9921cfe2ed4b652) Importer(815301076,1909f56bfc062723c751e8b465ee728b)  -> (artifact id: '6f83a66ae1160eb63176ed0b4970973e') in 0.051421 seconds 
  Import took 0.054482 seconds .

========================================================================
Received Import Request.
  Time since last request: 0.000382 seconds.
  path: Assets/LowlyPoly/Free Stylized Textures/Materials/Vol_58_1_Surface.mat
  artifactKey: Guid(e94c7625cd2e80d4e8fd19b24fc89d93) Importer(815301076,1909f56bfc062723c751e8b465ee728b)
Start importing Assets/LowlyPoly/Free Stylized Textures/Materials/Vol_58_1_Surface.mat using Guid(e94c7625cd2e80d4e8fd19b24fc89d93) Importer(815301076,1909f56bfc062723c751e8b465ee728b)  -> (artifact id: '1bd0615530df0a10674c55ecafb1b099') in 0.342216 seconds 
  Import took 0.345174 seconds .

========================================================================
Received Import Request.
  Time since last request: 0.000417 seconds.
  path: Assets/LowlyPoly/Free Stylized Textures/Materials/Vol_23_1_Rocks.mat
  artifactKey: Guid(43ca10b6d3421d546832de715a9d893f) Importer(815301076,1909f56bfc062723c751e8b465ee728b)
Start importing Assets/LowlyPoly/Free Stylized Textures/Materials/Vol_23_1_Rocks.mat using Guid(43ca10b6d3421d546832de715a9d893f) Importer(815301076,1909f56bfc062723c751e8b465ee728b)  -> (artifact id: 'b322ed2c13d867b89d2e60bb81ee8f4a') in 0.061824 seconds 
  Import took 0.064519 seconds .

========================================================================
Received Import Request.
  Time since last request: 0.000276 seconds.
  path: Assets/LowlyPoly/Free Stylized Textures/Materials/Vol_42_1_Vegetation.mat
  artifactKey: Guid(9c3435b7cf3210044b3a24266d8aebf1) Importer(815301076,1909f56bfc062723c751e8b465ee728b)
Start importing Assets/LowlyPoly/Free Stylized Textures/Materials/Vol_42_1_Vegetation.mat using Guid(9c3435b7cf3210044b3a24266d8aebf1) Importer(815301076,1909f56bfc062723c751e8b465ee728b)  -> (artifact id: 'e2da3b54d9d9db5e1e917561a900d4f2') in 0.053786 seconds 
  Import took 0.073502 seconds .

========================================================================
Received Import Request.
  Time since last request: 0.000380 seconds.
  path: Assets/LowlyPoly/Free Stylized Textures/Materials/Vol_49_5_Rocks.mat
  artifactKey: Guid(67436367136736141b5c7e131555c4d1) Importer(815301076,1909f56bfc062723c751e8b465ee728b)
Start importing Assets/LowlyPoly/Free Stylized Textures/Materials/Vol_49_5_Rocks.mat using Guid(67436367136736141b5c7e131555c4d1) Importer(815301076,1909f56bfc062723c751e8b465ee728b)  -> (artifact id: '5257794c68ba54e7b02b23014c47f872') in 0.040660 seconds 
  Import took 0.045510 seconds .

========================================================================
Received Import Request.
  Time since last request: 0.000269 seconds.
  path: Assets/LowlyPoly/Free Stylized Textures/Materials/Vol_67_3_Tile.mat
  artifactKey: Guid(b45a15fff385e4a46ab2bf7a9b0214e8) Importer(815301076,1909f56bfc062723c751e8b465ee728b)
Start importing Assets/LowlyPoly/Free Stylized Textures/Materials/Vol_67_3_Tile.mat using Guid(b45a15fff385e4a46ab2bf7a9b0214e8) Importer(815301076,1909f56bfc062723c751e8b465ee728b)  -> (artifact id: 'a33cc56f4c23b337eedd4a4830519da6') in 0.033791 seconds 
  Import took 0.038857 seconds .

========================================================================
Received Import Request.
  Time since last request: 0.000302 seconds.
  path: Assets/LowlyPoly/Free Stylized Textures/Materials/Vol_81_3_Sci-fi.mat
  artifactKey: Guid(d12d326c7ff660a40aed23b21d98c6ad) Importer(815301076,1909f56bfc062723c751e8b465ee728b)
Start importing Assets/LowlyPoly/Free Stylized Textures/Materials/Vol_81_3_Sci-fi.mat using Guid(d12d326c7ff660a40aed23b21d98c6ad) Importer(815301076,1909f56bfc062723c751e8b465ee728b)  -> (artifact id: '42db8c5f0d72f9be03c79e91a65c65fe') in 0.033302 seconds 
  Import took 0.038099 seconds .

========================================================================
Received Import Request.
  Time since last request: 0.000293 seconds.
  path: Assets/LowlyPoly/Free Stylized Textures/Materials/Vol_7_1_Tiles.mat
  artifactKey: Guid(d7345edb353d0794296950a9adb3ad4d) Importer(815301076,1909f56bfc062723c751e8b465ee728b)
Start importing Assets/LowlyPoly/Free Stylized Textures/Materials/Vol_7_1_Tiles.mat using Guid(d7345edb353d0794296950a9adb3ad4d) Importer(815301076,1909f56bfc062723c751e8b465ee728b)  -> (artifact id: '85d4bc175a8542fa7ec38192898f6dfa') in 0.056664 seconds 
  Import took 0.060581 seconds .

========================================================================
Received Import Request.
  Time since last request: 0.000267 seconds.
  path: Assets/LowlyPoly/Free Stylized Textures/Materials/Vol_100_1_Pixel.mat
  artifactKey: Guid(b1a8a6908ca5ad247ad05e4d89150386) Importer(815301076,1909f56bfc062723c751e8b465ee728b)
Start importing Assets/LowlyPoly/Free Stylized Textures/Materials/Vol_100_1_Pixel.mat using Guid(b1a8a6908ca5ad247ad05e4d89150386) Importer(815301076,1909f56bfc062723c751e8b465ee728b)  -> (artifact id: 'afe0c93a11f48b177916565dc01be026') in 0.032207 seconds 
  Import took 0.048204 seconds .

========================================================================
Received Import Request.
  Time since last request: 0.000434 seconds.
  path: Assets/LowlyPoly/Free Stylized Textures/Materials/Vol_26_2_Cliffs.mat
  artifactKey: Guid(0c2d13c3615510e4a8debaef5c39c3de) Importer(815301076,1909f56bfc062723c751e8b465ee728b)
Start importing Assets/LowlyPoly/Free Stylized Textures/Materials/Vol_26_2_Cliffs.mat using Guid(0c2d13c3615510e4a8debaef5c39c3de) Importer(815301076,1909f56bfc062723c751e8b465ee728b)  -> (artifact id: 'ab2db706ec48b32268fa9005b237389e') in 0.085426 seconds 
  Import took 0.088955 seconds .

========================================================================
Received Import Request.
  Time since last request: 0.000281 seconds.
  path: Assets/LowlyPoly/Free Stylized Textures/Materials/Vol_79_5_Sci-fi.mat
  artifactKey: Guid(378426c27b3a38f4f9e38126b22973fc) Importer(815301076,1909f56bfc062723c751e8b465ee728b)
Start importing Assets/LowlyPoly/Free Stylized Textures/Materials/Vol_79_5_Sci-fi.mat using Guid(378426c27b3a38f4f9e38126b22973fc) Importer(815301076,1909f56bfc062723c751e8b465ee728b)  -> (artifact id: 'b61e218605cfb8e9c48ee037a8d92954') in 0.091058 seconds 
  Import took 0.095557 seconds .

========================================================================
Received Import Request.
  Time since last request: 0.000332 seconds.
  path: Assets/LowlyPoly/Free Stylized Textures/Materials/Vol_46_2_Tiles.mat
  artifactKey: Guid(7f46efa3bb98bb44ea780a4a417b4f75) Importer(815301076,1909f56bfc062723c751e8b465ee728b)
Start importing Assets/LowlyPoly/Free Stylized Textures/Materials/Vol_46_2_Tiles.mat using Guid(7f46efa3bb98bb44ea780a4a417b4f75) Importer(815301076,1909f56bfc062723c751e8b465ee728b)  -> (artifact id: 'a991297bf068e66f20ea8ce0a4ac425f') in 0.035084 seconds 
  Import took 0.038973 seconds .

========================================================================
Received Import Request.
  Time since last request: 0.000338 seconds.
  path: Assets/LowlyPoly/Free Stylized Textures/Materials/Vol_36_5_Water.mat
  artifactKey: Guid(490c25b2fda35fc4582a9582c4179ad5) Importer(815301076,1909f56bfc062723c751e8b465ee728b)
Start importing Assets/LowlyPoly/Free Stylized Textures/Materials/Vol_36_5_Water.mat using Guid(490c25b2fda35fc4582a9582c4179ad5) Importer(815301076,1909f56bfc062723c751e8b465ee728b)  -> (artifact id: '26ae70e8002f2b98daf76b507f843c6c') in 0.037446 seconds 
  Import took 0.112029 seconds .

AssetImportWorkerClient::OnTransportError - code=2 error=End of file
